  Compiling CUDA source file nested_hello_world.cu...
  
  E:\Learning\CUDA_learning\CUDA_Practice\CudaLearning\NestedHelloWorld>"C:\Program Files\NVIDIA GPU Computing Toolkit\CUDA\v11.1\bin\nvcc.exe" -gencode=arch=compute_52,code=\"sm_52,compute_52\" --use-local-env -ccbin "C:\Program Files (x86)\Microsoft Visual Studio\2019\Community\VC\Tools\MSVC\14.28.29910\bin\HostX86\x64" -x cu -rdc=true  -I"C:\Program Files\NVIDIA GPU Computing Toolkit\CUDA\v11.1\include" -I"C:\Program Files\NVIDIA GPU Computing Toolkit\CUDA\v11.1\include"     --keep-dir x64\Release -maxrregcount=0  --machine 64 --compile -cudart static     -DNDEBUG -D_CONSOLE -D_UNICODE -DUNICODE -Xcompiler "/EHsc /W3 /nologo /O2 /Fdx64\Release\vc142.pdb /FS   /MD " -o x64\Release\nested_hello_world.cu.obj "E:\Learning\CUDA_learning\CUDA_Practice\CudaLearning\NestedHelloWorld\nested_hello_world.cu" 
  nested_hello_world.cu
  
  E:\Learning\CUDA_learning\CUDA_Practice\CudaLearning\NestedHelloWorld>"C:\Program Files\NVIDIA GPU Computing Toolkit\CUDA\v11.1\bin\nvcc.exe" -dlink -o x64\Release\NestedHelloWorld.device-link.obj -Xcompiler "/EHsc /W3 /nologo /O2 /Fdx64\Release\vc142.pdb   /MD " -L"C:\Program Files\NVIDIA GPU Computing Toolkit\CUDA\v11.1\bin/crt" -L"C:\Program Files\NVIDIA GPU Computing Toolkit\CUDA\v11.1\lib\x64" kernel32.lib user32.lib gdi32.lib winspool.lib comdlg32.lib advapi32.lib shell32.lib ole32.lib oleaut32.lib uuid.lib odbc32.lib odbccp32.lib cudart.lib cudadevrt.lib  -gencode=arch=compute_52,code=sm_52  --machine 64 x64\Release\nested_hello_world.cu.obj 
  kernel32.lib
  user32.lib
  gdi32.lib
  winspool.lib
  comdlg32.lib
  advapi32.lib
  shell32.lib
  ole32.lib
  oleaut32.lib
  uuid.lib
  odbc32.lib
  odbccp32.lib
  cudart.lib
  cudadevrt.lib
  nested_hello_world.cu.obj
  LINK : 已指定 /LTCG，但不需要生成代码；从链接命令行中移除 /LTCG 以提高链接器性能
  NestedHelloWorld.vcxproj -> E:\Learning\CUDA_learning\CUDA_Practice\CudaLearning\x64\Release\NestedHelloWorld.exe
